#
# There is insufficient memory for the Java Runtime Environment to continue.
# Native memory allocation (malloc) failed to allocate 1048576 bytes for AllocateHeap
# Possible reasons:
#   The system is out of physical RAM or swap space
#   In 32 bit mode, the process size limit was hit
# Possible solutions:
#   Reduce memory load on the system
#   Increase physical memory or swap space
#   Check if swap backing store is full
#   Use 64 bit Java on a 64 bit OS
#   Decrease Java heap size (-Xmx/-Xms)
#   Decrease number of Java threads
#   Decrease Java thread stack sizes (-Xss)
#   Set larger code cache with -XX:ReservedCodeCacheSize=
# This output file may be truncated or incomplete.
#
#  Out of Memory Error (memory/allocation.inline.hpp:61), pid=8000, tid=0x00000000000026a4
#
# JRE version:  (8.0_151-b12) (build )
# Java VM: Java HotSpot(TM) 64-Bit Server VM (25.151-b12 mixed mode windows-amd64 compressed oops)
# Failed to write core dump. Minidumps are not enabled by default on client versions of Windows
#

---------------  T H R E A D  ---------------

Current thread (0x0000000002d60800):  JavaThread "Unknown thread" [_thread_in_vm, id=9892, stack(0x0000000002c00000,0x0000000002d00000)]

Stack: [0x0000000002c00000,0x0000000002d00000]
[error occurred during error reporting (printing stack bounds), id 0xc0000005]

Native frames: (J=compiled Java code, j=interpreted, Vv=VM code, C=native code)


---------------  P R O C E S S  ---------------

Java Threads: ( => current thread )

Other Threads:

=>0x0000000002d60800 (exited) JavaThread "Unknown thread" [_thread_in_vm, id=9892, stack(0x0000000002c00000,0x0000000002d00000)]

VM state:not at safepoint (normal execution)

VM Mutex/Monitor currently owned by a thread: None

Heap:
 PSYoungGen      total 76288K, used 1310K [0x000000076b000000, 0x0000000770500000, 0x00000007c0000000)
  eden space 65536K, 2% used [0x000000076b000000,0x000000076b147af0,0x000000076f000000)
  from space 10752K, 0% used [0x000000076fa80000,0x000000076fa80000,0x0000000770500000)
  to   space 10752K, 0% used [0x000000076f000000,0x000000076f000000,0x000000076fa80000)
 ParOldGen       total 175104K, used 0K [0x00000006c1000000, 0x00000006cbb00000, 0x000000076b000000)
  object space 175104K, 0% used [0x00000006c1000000,0x00000006c1000000,0x00000006cbb00000)
 Metaspace       used 746K, capacity 4480K, committed 4480K, reserved 1056768K
  class space    used 75K, capacity 384K, committed 384K, reserved 1048576K

Card table byte_map: [0x0000000012220000,0x0000000012a20000] byte_map_base: 0x000000000ec18000

Marking Bits: (ParMarkBitMap*) 0x00000000764cd850
 Begin Bits: [0x0000000013770000, 0x0000000017730000)
 End Bits:   [0x0000000017730000, 0x000000001b6f0000)

Polling page: 0x0000000000e30000

CodeCache: size=245760Kb used=328Kb max_used=328Kb free=245431Kb
 bounds [0x0000000002e60000, 0x00000000030d0000, 0x0000000011e60000]
 total_blobs=58 nmethods=0 adapters=38
 compilation: enabled

Compilation events (0 events):
No events

GC Heap History (0 events):
No events

Deoptimization events (0 events):
No events

Internal exceptions (0 events):
No events

Events (10 events):
Event: 0.028 loading class java/lang/Short
Event: 0.028 loading class java/lang/Short done
Event: 0.028 loading class java/lang/Integer
Event: 0.028 loading class java/lang/Integer done
Event: 0.028 loading class java/lang/Long
Event: 0.028 loading class java/lang/Long done
Event: 0.028 loading class java/lang/NullPointerException
Event: 0.028 loading class java/lang/NullPointerException done
Event: 0.028 loading class java/lang/ArithmeticException
Event: 0.028 loading class java/lang/ArithmeticException done


Dynamic libraries:
0x00007ff62d190000 - 0x00007ff62d1c7000 	C:\Program Files\Java\jre1.8.0_151\bin\javaw.exe
0x00007fff54880000 - 0x00007fff54a61000 	C:\WINDOWS\SYSTEM32\ntdll.dll
0x00007fff54420000 - 0x00007fff544d2000 	C:\WINDOWS\System32\KERNEL32.DLL
0x00007fff50ca0000 - 0x00007fff50f13000 	C:\WINDOWS\System32\KERNELBASE.dll
0x00007fff52630000 - 0x00007fff526d1000 	C:\WINDOWS\System32\ADVAPI32.dll
0x00007fff51d10000 - 0x00007fff51dae000 	C:\WINDOWS\System32\msvcrt.dll
0x00007fff52700000 - 0x00007fff5275b000 	C:\WINDOWS\System32\sechost.dll
0x00007fff54720000 - 0x00007fff54844000 	C:\WINDOWS\System32\RPCRT4.dll
0x00007fff53e20000 - 0x00007fff53fb0000 	C:\WINDOWS\System32\USER32.dll
0x00007fff51710000 - 0x00007fff51730000 	C:\WINDOWS\System32\win32u.dll
0x00007fff54050000 - 0x00007fff54078000 	C:\WINDOWS\System32\GDI32.dll
0x00007fff517d0000 - 0x00007fff51962000 	C:\WINDOWS\System32\gdi32full.dll
0x00007fff51730000 - 0x00007fff517cf000 	C:\WINDOWS\System32\msvcp_win.dll
0x00007fff51b60000 - 0x00007fff51c5a000 	C:\WINDOWS\System32\ucrtbase.dll
0x00007fff472d0000 - 0x00007fff47539000 	C:\WINDOWS\WinSxS\amd64_microsoft.windows.common-controls_6595b64144ccf1df_6.0.17134.112_none_fb3f961b30681c12\COMCTL32.dll
0x00007fff54080000 - 0x00007fff543a3000 	C:\WINDOWS\System32\combase.dll
0x00007fff51690000 - 0x00007fff5170a000 	C:\WINDOWS\System32\bcryptPrimitives.dll
0x00007fff53fb0000 - 0x00007fff53fdd000 	C:\WINDOWS\System32\IMM32.DLL
0x0000000077b20000 - 0x0000000077bf2000 	C:\Program Files\Java\jre1.8.0_151\bin\msvcr100.dll
0x0000000075cb0000 - 0x000000007654d000 	C:\Program Files\Java\jre1.8.0_151\bin\server\jvm.dll
0x00007fff54040000 - 0x00007fff54048000 	C:\WINDOWS\System32\PSAPI.DLL
0x00007fff4b190000 - 0x00007fff4b19a000 	C:\WINDOWS\SYSTEM32\VERSION.dll
0x00007fff4e430000 - 0x00007fff4e439000 	C:\WINDOWS\SYSTEM32\WSOCK32.dll
0x00007fff4de90000 - 0x00007fff4deb3000 	C:\WINDOWS\SYSTEM32\WINMM.dll
0x00007fff543b0000 - 0x00007fff5441c000 	C:\WINDOWS\System32\WS2_32.dll
0x00007fff4d580000 - 0x00007fff4d5aa000 	C:\WINDOWS\SYSTEM32\WINMMBASE.dll
0x00007fff50c50000 - 0x00007fff50c99000 	C:\WINDOWS\System32\cfgmgr32.dll
0x00000000502f0000 - 0x00000000502ff000 	C:\Program Files\Java\jre1.8.0_151\bin\verify.dll
0x0000000077af0000 - 0x0000000077b19000 	C:\Program Files\Java\jre1.8.0_151\bin\java.dll
0x0000000077ad0000 - 0x0000000077ae6000 	C:\Program Files\Java\jre1.8.0_151\bin\zip.dll

VM Arguments:
jvm_args: -Dfile.encoding=UTF-8 
java_command: controller.Controleur
java_class_path (initial): C:\Users\djayt\git\Final\bin
Launcher Type: SUN_STANDARD

Environment Variables:
PATH=C:/Program Files/Java/jre1.8.0_162/bin/server;C:/Program Files/Java/jre1.8.0_162/bin;C:/Program Files/Java/jre1.8.0_162/lib/amd64;C:\GNAT\bin;C:\ProgramData\Oracle\Java\javapath;C:\WINDOWS\system32;C:\WINDOWS;C:\WINDOWS\System32\Wbem;C:\WINDOWS\System32\WindowsPowerShell\v1.0\;C:\Program Files (x86)\Skype\Phone\;C:\Program Files (x86)\NVIDIA Corporation\PhysX\Common;%SystemRoot%\system32;%SystemRoot%;%SystemRoot%\System32\Wbem;%SYSTEMROOT%\System32\WindowsPowerShell\v1.0\;%SYSTEMROOT%\System32\OpenSSH\;C:\GNAT\2017\bin;C:\Users\djayt\AppData\Local\Microsoft\WindowsApps;C:\Users\djayt\AppData\Local\atom\bin;C:\Users\djayt\AppData\Local\Microsoft\WindowsApps;;C:\Users\djayt\eclipse\java-neon\eclipse;
USERNAME=djayt
OS=Windows_NT
PROCESSOR_IDENTIFIER=Intel64 Family 6 Model 94 Stepping 3, GenuineIntel



---------------  S Y S T E M  ---------------

OS: Windows 10.0 , 64 bit Build 17134 (10.0.17134.1)

CPU:total 8 (initial active 8) (4 cores per cpu, 2 threads per core) family 6 model 94 stepping 3, cmov, cx8, fxsr, mmx, sse, sse2, sse3, ssse3, sse4.1, sse4.2, popcnt, avx, avx2, aes, clmul, erms, rtm, 3dnowpref, lzcnt, ht, tsc, tscinvbit, bmi1, bmi2, adx

Memory: 4k page, physical 16709332k(7809564k free), swap 31297376k(5416k free)

vm_info: Java HotSpot(TM) 64-Bit Server VM (25.151-b12) for windows-amd64 JRE (1.8.0_151-b12), built on Sep  5 2017 19:33:46 by "java_re" with MS VC++ 10.0 (VS2010)

time: Mon Jun 25 01:03:49 2018
elapsed time: 0 seconds (0d 0h 0m 0s)

