#
# There is insufficient memory for the Java Runtime Environment to continue.
# Native memory allocation (malloc) failed to allocate 266736 bytes for Chunk::new
# Possible reasons:
#   The system is out of physical RAM or swap space
#   In 32 bit mode, the process size limit was hit
# Possible solutions:
#   Reduce memory load on the system
#   Increase physical memory or swap space
#   Check if swap backing store is full
#   Use 64 bit Java on a 64 bit OS
#   Decrease Java heap size (-Xmx/-Xms)
#   Decrease number of Java threads
#   Decrease Java thread stack sizes (-Xss)
#   Set larger code cache with -XX:ReservedCodeCacheSize=
# This output file may be truncated or incomplete.
#
#  Out of Memory Error (allocation.cpp:390), pid=10744, tid=0x00000000000039b8
#
# JRE version: Java(TM) SE Runtime Environment (8.0_151-b12) (build 1.8.0_151-b12)
# Java VM: Java HotSpot(TM) 64-Bit Server VM (25.151-b12 mixed mode windows-amd64 compressed oops)
# Failed to write core dump. Minidumps are not enabled by default on client versions of Windows
#

---------------  T H R E A D  ---------------

Current thread (0x000000001e8f2800):  JavaThread "C2 CompilerThread2" daemon [_thread_in_native, id=14776, stack(0x000000001f2e0000,0x000000001f3e0000)]

Stack: [0x000000001f2e0000,0x000000001f3e0000]
[error occurred during error reporting (printing stack bounds), id 0xc0000005]

Native frames: (J=compiled Java code, j=interpreted, Vv=VM code, C=native code)


Current CompileTask:
C2:    407  484       4       java.io.BufferedInputStream::read1 (108 bytes)


---------------  P R O C E S S  ---------------

Java Threads: ( => current thread )
  0x000000001f9ef000 JavaThread "D3D Screen Updater" daemon [_thread_blocked, id=15824, stack(0x000000002a5a0000,0x000000002a6a0000)]
  0x0000000002e70800 JavaThread "DestroyJavaVM" [_thread_blocked, id=7856, stack(0x0000000002cc0000,0x0000000002dc0000)]
  0x000000001f936000 JavaThread "AWT-EventQueue-0" [_thread_in_native, id=14808, stack(0x0000000026e50000,0x0000000026f50000)]
  0x000000001f904000 JavaThread "AWT-Windows" daemon [_thread_in_native, id=804, stack(0x0000000020330000,0x0000000020430000)]
  0x000000001f902800 JavaThread "AWT-Shutdown" [_thread_blocked, id=15584, stack(0x0000000020230000,0x0000000020330000)]
  0x000000001ecbe000 JavaThread "Java2D Disposer" daemon [_thread_blocked, id=17088, stack(0x0000000020050000,0x0000000020150000)]
  0x000000001e98a800 JavaThread "Service Thread" daemon [_thread_blocked, id=18428, stack(0x000000001f4e0000,0x000000001f5e0000)]
  0x000000001e8fb000 JavaThread "C1 CompilerThread3" daemon [_thread_blocked, id=17888, stack(0x000000001f3e0000,0x000000001f4e0000)]
=>0x000000001e8f2800 JavaThread "C2 CompilerThread2" daemon [_thread_in_native, id=14776, stack(0x000000001f2e0000,0x000000001f3e0000)]
  0x000000001e8ed000 JavaThread "C2 CompilerThread1" daemon [_thread_blocked, id=15076, stack(0x000000001f1e0000,0x000000001f2e0000)]
  0x000000001e8e6800 JavaThread "C2 CompilerThread0" daemon [_thread_blocked, id=17904, stack(0x000000001f0e0000,0x000000001f1e0000)]
  0x000000001e8e5000 JavaThread "Attach Listener" daemon [_thread_blocked, id=8324, stack(0x000000001efe0000,0x000000001f0e0000)]
  0x000000001e8e4000 JavaThread "Signal Dispatcher" daemon [_thread_blocked, id=11972, stack(0x000000001eee0000,0x000000001efe0000)]
  0x000000001e8e0800 JavaThread "Finalizer" daemon [_thread_blocked, id=14680, stack(0x000000001ecc0000,0x000000001edc0000)]
  0x0000000002f66000 JavaThread "Reference Handler" daemon [_thread_blocked, id=15668, stack(0x000000001e7c0000,0x000000001e8c0000)]

Other Threads:
  0x000000001c9e9000 VMThread [stack: 0x000000001e6c0000,0x000000001e7c0000] [id=5788]
  0x000000001e9b6800 WatcherThread [stack: 0x000000001f750000,0x000000001f850000] [id=3424]

VM state:not at safepoint (normal execution)

VM Mutex/Monitor currently owned by a thread: None

Heap:
 PSYoungGen      total 76288K, used 16843K [0x000000076b000000, 0x0000000770500000, 0x00000007c0000000)
  eden space 65536K, 25% used [0x000000076b000000,0x000000076c072e60,0x000000076f000000)
  from space 10752K, 0% used [0x000000076f000000,0x000000076f000000,0x000000076fa80000)
  to   space 10752K, 0% used [0x000000076fa80000,0x000000076fa80000,0x0000000770500000)
 ParOldGen       total 125440K, used 1291K [0x00000006c1000000, 0x00000006c8a80000, 0x000000076b000000)
  object space 125440K, 1% used [0x00000006c1000000,0x00000006c1142dd0,0x00000006c8a80000)
 Metaspace       used 9930K, capacity 10166K, committed 10368K, reserved 1058816K
  class space    used 1236K, capacity 1327K, committed 1408K, reserved 1048576K

Card table byte_map: [0x0000000012330000,0x0000000012b30000] byte_map_base: 0x000000000ed28000

Marking Bits: (ParMarkBitMap*) 0x000000006c38d850
 Begin Bits: [0x0000000013880000, 0x0000000017840000)
 End Bits:   [0x0000000017840000, 0x000000001b800000)

Polling page: 0x0000000002dc0000

CodeCache: size=245760Kb used=2084Kb max_used=2089Kb free=243675Kb
 bounds [0x0000000002f70000, 0x00000000031e0000, 0x0000000011f70000]
 total_blobs=957 nmethods=487 adapters=383
 compilation: enabled

Compilation events (10 events):
Event: 0.389 Thread 0x000000001e8fb000 nmethod 483 0x0000000003173090 code [0x0000000003173200, 0x0000000003173490]
Event: 0.398 Thread 0x000000001e8f2800  484       4       java.io.BufferedInputStream::read1 (108 bytes)
Event: 0.402 Thread 0x000000001e8fb000  485       3       java.util.HashMap$HashIterator::<init> (79 bytes)
Event: 0.403 Thread 0x000000001e8fb000 nmethod 485 0x0000000003178190 code [0x0000000003178300, 0x00000000031786b0]
Event: 0.403 Thread 0x000000001e8fb000  486       3       java.util.ArrayList$Itr::next (66 bytes)
Event: 0.403 Thread 0x000000001e8fb000 nmethod 486 0x000000000317b8d0 code [0x000000000317ba80, 0x000000000317bf28]
Event: 0.403 Thread 0x000000001e8fb000  487       3       java.util.ArrayList$Itr::checkForComodification (23 bytes)
Event: 0.403 Thread 0x000000001e8fb000 nmethod 487 0x0000000003177d10 code [0x0000000003177e80, 0x00000000031780a8]
Event: 0.403 Thread 0x000000001e8fb000  488       1       java.awt.image.SampleModel::getNumBands (5 bytes)
Event: 0.403 Thread 0x000000001e8fb000 nmethod 488 0x0000000003177a50 code [0x0000000003177ba0, 0x0000000003177cb0]

GC Heap History (4 events):
Event: 0.248 GC heap before
{Heap before GC invocations=1 (full 0):
 PSYoungGen      total 76288K, used 7865K [0x000000076b000000, 0x0000000770500000, 0x00000007c0000000)
  eden space 65536K, 12% used [0x000000076b000000,0x000000076b7ae408,0x000000076f000000)
  from space 10752K, 0% used [0x000000076fa80000,0x000000076fa80000,0x0000000770500000)
  to   space 10752K, 0% used [0x000000076f000000,0x000000076f000000,0x000000076fa80000)
 ParOldGen       total 175104K, used 0K [0x00000006c1000000, 0x00000006cbb00000, 0x000000076b000000)
  object space 175104K, 0% used [0x00000006c1000000,0x00000006c1000000,0x00000006cbb00000)
 Metaspace       used 7979K, capacity 8176K, committed 8320K, reserved 1062912K
  class space    used 984K, capacity 1070K, committed 1152K, reserved 1048576K
Event: 0.249 GC heap after
Heap after GC invocations=1 (full 0):
 PSYoungGen      total 76288K, used 1424K [0x000000076b000000, 0x0000000770500000, 0x00000007c0000000)
  eden space 65536K, 0% used [0x000000076b000000,0x000000076b000000,0x000000076f000000)
  from space 10752K, 13% used [0x000000076f000000,0x000000076f164010,0x000000076fa80000)
  to   space 10752K, 0% used [0x000000076fa80000,0x000000076fa80000,0x0000000770500000)
 ParOldGen       total 175104K, used 8K [0x00000006c1000000, 0x00000006cbb00000, 0x000000076b000000)
  object space 175104K, 0% used [0x00000006c1000000,0x00000006c1002000,0x00000006cbb00000)
 Metaspace       used 7979K, capacity 8176K, committed 8320K, reserved 1062912K
  class space    used 984K, capacity 1070K, committed 1152K, reserved 1048576K
}
Event: 0.249 GC heap before
{Heap before GC invocations=2 (full 1):
 PSYoungGen      total 76288K, used 1424K [0x000000076b000000, 0x0000000770500000, 0x00000007c0000000)
  eden space 65536K, 0% used [0x000000076b000000,0x000000076b000000,0x000000076f000000)
  from space 10752K, 13% used [0x000000076f000000,0x000000076f164010,0x000000076fa80000)
  to   space 10752K, 0% used [0x000000076fa80000,0x000000076fa80000,0x0000000770500000)
 ParOldGen       total 175104K, used 8K [0x00000006c1000000, 0x00000006cbb00000, 0x000000076b000000)
  object space 175104K, 0% used [0x00000006c1000000,0x00000006c1002000,0x00000006cbb00000)
 Metaspace       used 7979K, capacity 8176K, committed 8320K, reserved 1062912K
  class space    used 984K, capacity 1070K, committed 1152K, reserved 1048576K
Event: 0.259 GC heap after
Heap after GC invocations=2 (full 1):
 PSYoungGen      total 76288K, used 0K [0x000000076b000000, 0x0000000770500000, 0x00000007c0000000)
  eden space 65536K, 0% used [0x000000076b000000,0x000000076b000000,0x000000076f000000)
  from space 10752K, 0% used [0x000000076f000000,0x000000076f000000,0x000000076fa80000)
  to   space 10752K, 0% used [0x000000076fa80000,0x000000076fa80000,0x0000000770500000)
 ParOldGen       total 125440K, used 1291K [0x00000006c1000000, 0x00000006c8a80000, 0x000000076b000000)
  object space 125440K, 1% used [0x00000006c1000000,0x00000006c1142dd0,0x00000006c8a80000)
 Metaspace       used 7979K, capacity 8176K, committed 8320K, reserved 1058816K
  class space    used 984K, capacity 1070K, committed 1152K, reserved 1048576K
}

Deoptimization events (0 events):
No events

Internal exceptions (10 events):
Event: 0.027 Thread 0x0000000002e70800 Exception <a 'java/lang/NoSuchMethodError': Method sun.misc.Unsafe.prefetchRead(Ljava/lang/Object;J)V name or signature does not match> (0x000000076b007f90) thrown at [C:\re\workspace\8-2-build-windows-amd64-cygwin\jdk8u151\9699\hotspot\src\share\vm\prims
Event: 0.049 Thread 0x0000000002e70800 Exception <a 'java/io/FileNotFoundException'> (0x000000076b0583d8) thrown at [C:\re\workspace\8-2-build-windows-amd64-cygwin\jdk8u151\9699\hotspot\src\share\vm\prims\jni.cpp, line 709]
Event: 0.067 Thread 0x0000000002e70800 Exception <a 'java/security/PrivilegedActionException'> (0x000000076b0ae4e0) thrown at [C:\re\workspace\8-2-build-windows-amd64-cygwin\jdk8u151\9699\hotspot\src\share\vm\prims\jvm.cpp, line 1390]
Event: 0.067 Thread 0x0000000002e70800 Exception <a 'java/security/PrivilegedActionException'> (0x000000076b0ae8d8) thrown at [C:\re\workspace\8-2-build-windows-amd64-cygwin\jdk8u151\9699\hotspot\src\share\vm\prims\jvm.cpp, line 1390]
Event: 0.068 Thread 0x0000000002e70800 Exception <a 'java/security/PrivilegedActionException'> (0x000000076b0b2730) thrown at [C:\re\workspace\8-2-build-windows-amd64-cygwin\jdk8u151\9699\hotspot\src\share\vm\prims\jvm.cpp, line 1390]
Event: 0.068 Thread 0x0000000002e70800 Exception <a 'java/security/PrivilegedActionException'> (0x000000076b0b2b28) thrown at [C:\re\workspace\8-2-build-windows-amd64-cygwin\jdk8u151\9699\hotspot\src\share\vm\prims\jvm.cpp, line 1390]
Event: 0.082 Thread 0x0000000002e70800 Exception <a 'java/io/FileNotFoundException'> (0x000000076b0f1748) thrown at [C:\re\workspace\8-2-build-windows-amd64-cygwin\jdk8u151\9699\hotspot\src\share\vm\prims\jni.cpp, line 709]
Event: 0.101 Thread 0x0000000002e70800 Exception <a 'java/lang/NoSuchFieldError': method resolution failed> (0x000000076b306420) thrown at [C:\re\workspace\8-2-build-windows-amd64-cygwin\jdk8u151\9699\hotspot\src\share\vm\prims\methodHandles.cpp, line 1146]
Event: 0.102 Thread 0x0000000002e70800 Exception <a 'java/lang/NoSuchFieldError': method resolution failed> (0x000000076b3137f0) thrown at [C:\re\workspace\8-2-build-windows-amd64-cygwin\jdk8u151\9699\hotspot\src\share\vm\prims\methodHandles.cpp, line 1146]
Event: 0.131 Thread 0x0000000002e70800 Exception <a 'java/io/FileNotFoundException'> (0x000000076b3c2c00) thrown at [C:\re\workspace\8-2-build-windows-amd64-cygwin\jdk8u151\9699\hotspot\src\share\vm\prims\jni.cpp, line 709]

Events (10 events):
Event: 0.364 loading class sun/java2d/loops/MaskBlit$General
Event: 0.364 loading class sun/java2d/loops/GraphicsPrimitive$GeneralBinaryOp
Event: 0.364 loading class sun/java2d/loops/GraphicsPrimitive$GeneralBinaryOp done
Event: 0.364 loading class sun/java2d/loops/MaskBlit$General done
Event: 0.364 loading class java/awt/image/DataBufferInt
Event: 0.364 loading class java/awt/image/DataBufferInt done
Event: 0.365 loading class sun/awt/image/IntegerInterleavedRaster
Event: 0.365 loading class sun/awt/image/IntegerInterleavedRaster done
Event: 0.374 loading class view/VueTuile$1
Event: 0.374 loading class view/VueTuile$1 done


Dynamic libraries:
0x00007ff759b20000 - 0x00007ff759b57000 	C:\Program Files\Java\jre1.8.0_151\bin\javaw.exe
0x00007ffd60dc0000 - 0x00007ffd60fa1000 	C:\WINDOWS\SYSTEM32\ntdll.dll
0x00007ffd5f9b0000 - 0x00007ffd5fa62000 	C:\WINDOWS\System32\KERNEL32.DLL
0x00007ffd5d190000 - 0x00007ffd5d403000 	C:\WINDOWS\System32\KERNELBASE.dll
0x00007ffd5e320000 - 0x00007ffd5e3c1000 	C:\WINDOWS\System32\ADVAPI32.dll
0x00007ffd5fc80000 - 0x00007ffd5fd1e000 	C:\WINDOWS\System32\msvcrt.dll
0x00007ffd5fa70000 - 0x00007ffd5facb000 	C:\WINDOWS\System32\sechost.dll
0x00007ffd60010000 - 0x00007ffd60134000 	C:\WINDOWS\System32\RPCRT4.dll
0x00007ffd60470000 - 0x00007ffd60600000 	C:\WINDOWS\System32\USER32.dll
0x00007ffd5dc20000 - 0x00007ffd5dc40000 	C:\WINDOWS\System32\win32u.dll
0x00007ffd5f8e0000 - 0x00007ffd5f908000 	C:\WINDOWS\System32\GDI32.dll
0x00007ffd5dfa0000 - 0x00007ffd5e132000 	C:\WINDOWS\System32\gdi32full.dll
0x00007ffd5deb0000 - 0x00007ffd5df4f000 	C:\WINDOWS\System32\msvcp_win.dll
0x00007ffd5db20000 - 0x00007ffd5dc1a000 	C:\WINDOWS\System32\ucrtbase.dll
0x00007ffd543f0000 - 0x00007ffd54659000 	C:\WINDOWS\WinSxS\amd64_microsoft.windows.common-controls_6595b64144ccf1df_6.0.17134.112_none_fb3f961b30681c12\COMCTL32.dll
0x00007ffd60140000 - 0x00007ffd60463000 	C:\WINDOWS\System32\combase.dll
0x00007ffd5dc40000 - 0x00007ffd5dcba000 	C:\WINDOWS\System32\bcryptPrimitives.dll
0x00007ffd60600000 - 0x00007ffd6062d000 	C:\WINDOWS\System32\IMM32.DLL
0x000000006c410000 - 0x000000006c4e2000 	C:\Program Files\Java\jre1.8.0_151\bin\msvcr100.dll
0x000000006bb70000 - 0x000000006c40d000 	C:\Program Files\Java\jre1.8.0_151\bin\server\jvm.dll
0x00007ffd60af0000 - 0x00007ffd60af8000 	C:\WINDOWS\System32\PSAPI.DLL
0x00007ffd5b460000 - 0x00007ffd5b469000 	C:\WINDOWS\SYSTEM32\WSOCK32.dll
0x00007ffd5b270000 - 0x00007ffd5b293000 	C:\WINDOWS\SYSTEM32\WINMM.dll
0x00007ffd57b70000 - 0x00007ffd57b7a000 	C:\WINDOWS\SYSTEM32\VERSION.dll
0x00007ffd60630000 - 0x00007ffd6069c000 	C:\WINDOWS\System32\WS2_32.dll
0x00007ffd5b220000 - 0x00007ffd5b24a000 	C:\WINDOWS\SYSTEM32\winmmbase.dll
0x00007ffd5df50000 - 0x00007ffd5df99000 	C:\WINDOWS\System32\cfgmgr32.dll
0x000000006bb60000 - 0x000000006bb6f000 	C:\Program Files\Java\jre1.8.0_151\bin\verify.dll
0x000000006bb30000 - 0x000000006bb59000 	C:\Program Files\Java\jre1.8.0_151\bin\java.dll
0x000000006bb10000 - 0x000000006bb26000 	C:\Program Files\Java\jre1.8.0_151\bin\zip.dll
0x00007ffd5e4a0000 - 0x00007ffd5f8e0000 	C:\WINDOWS\System32\SHELL32.dll
0x00007ffd5fd20000 - 0x00007ffd5fdc9000 	C:\WINDOWS\System32\shcore.dll
0x00007ffd5d410000 - 0x00007ffd5db1d000 	C:\WINDOWS\System32\windows.storage.dll
0x00007ffd5fdd0000 - 0x00007ffd5fe21000 	C:\WINDOWS\System32\shlwapi.dll
0x00007ffd5d150000 - 0x00007ffd5d161000 	C:\WINDOWS\System32\kernel.appcore.dll
0x00007ffd5d130000 - 0x00007ffd5d14f000 	C:\WINDOWS\System32\profapi.dll
0x00007ffd5d0e0000 - 0x00007ffd5d12c000 	C:\WINDOWS\System32\powrprof.dll
0x00007ffd5d0d0000 - 0x00007ffd5d0da000 	C:\WINDOWS\System32\FLTLIB.DLL
0x000000006b970000 - 0x000000006bb08000 	C:\Program Files\Java\jre1.8.0_151\bin\awt.dll
0x00007ffd5e3d0000 - 0x00007ffd5e492000 	C:\WINDOWS\System32\OLEAUT32.dll
0x00007ffd5b4d0000 - 0x00007ffd5b55b000 	C:\WINDOWS\SYSTEM32\apphelp.dll
0x00007ffd5b860000 - 0x00007ffd5b889000 	C:\WINDOWS\system32\DWMAPI.DLL
0x00007ffd5b610000 - 0x00007ffd5b6a8000 	C:\WINDOWS\system32\uxtheme.dll
0x00007ffd4b5c0000 - 0x00007ffd4b6e0000 	C:\WINDOWS\system32\opengl32.dll
0x00007ffd563c0000 - 0x00007ffd563ec000 	C:\WINDOWS\SYSTEM32\GLU32.dll
0x00007ffd5fad0000 - 0x00007ffd5fc45000 	C:\WINDOWS\System32\MSCTF.dll
0x00007ffd262d0000 - 0x00007ffd26339000 	C:\Program Files (x86)\Overwolf\0.116.1.11\x64\OWExplorer.dll
0x00007ffd5dcc0000 - 0x00007ffd5dea2000 	C:\WINDOWS\System32\CRYPT32.dll
0x00007ffd5d170000 - 0x00007ffd5d182000 	C:\WINDOWS\System32\MSASN1.dll
0x00007ffd5feb0000 - 0x00007ffd60001000 	C:\WINDOWS\System32\ole32.dll
0x00007ffd51d10000 - 0x00007ffd51ed9000 	C:\WINDOWS\SYSTEM32\dbghelp.dll
0x00007ffd51490000 - 0x00007ffd514b9000 	C:\WINDOWS\SYSTEM32\dbgcore.DLL
0x00007ffd514d0000 - 0x00007ffd51667000 	C:\WINDOWS\system32\d3d9.dll
0x00007ffd50c30000 - 0x00007ffd50d1b000 	C:\WINDOWS\System32\DriverStore\FileRepository\nv_dispi.inf_amd64_048172e9d7cc483d\nvldumdx.dll
0x00007ffd5e1f0000 - 0x00007ffd5e247000 	C:\WINDOWS\System32\WINTRUST.DLL
0x00007ffd5fc60000 - 0x00007ffd5fc7d000 	C:\WINDOWS\System32\imagehlp.dll
0x00007ffd5caa0000 - 0x00007ffd5cab7000 	C:\WINDOWS\System32\CRYPTSP.dll
0x00007ffd5c4d0000 - 0x00007ffd5c503000 	C:\WINDOWS\system32\rsaenh.dll
0x00007ffd5cbd0000 - 0x00007ffd5cbf5000 	C:\WINDOWS\SYSTEM32\bcrypt.dll
0x00007ffd5cac0000 - 0x00007ffd5cacb000 	C:\WINDOWS\SYSTEM32\CRYPTBASE.dll
0x00007ffd3c6e0000 - 0x00007ffd3d8ed000 	C:\WINDOWS\System32\DriverStore\FileRepository\nv_dispi.inf_amd64_048172e9d7cc483d\nvd3dumx.dll
0x00007ffd4d780000 - 0x00007ffd4d86c000 	C:\Program Files (x86)\NVIDIA Corporation\3D Vision\nvSCPAPI64.dll
0x00007ffd606a0000 - 0x00007ffd60aeb000 	C:\WINDOWS\System32\SETUPAPI.dll
0x000000006b910000 - 0x000000006b957000 	C:\Program Files\Java\jre1.8.0_151\bin\fontmanager.dll
0x000000006b8f0000 - 0x000000006b90a000 	C:\Program Files\Java\jre1.8.0_151\bin\net.dll
0x00007ffd5c8f0000 - 0x00007ffd5c956000 	C:\WINDOWS\system32\mswsock.dll
0x000000006b8d0000 - 0x000000006b8e1000 	C:\Program Files\Java\jre1.8.0_151\bin\nio.dll
0x000000006b880000 - 0x000000006b8c2000 	C:\Program Files\Java\jre1.8.0_151\bin\t2k.dll
0x00007ffd4b1e0000 - 0x00007ffd4b278000 	C:\WINDOWS\System32\TextInputFramework.dll
0x00007ffd51ff0000 - 0x00007ffd5230e000 	C:\WINDOWS\System32\CoreUIComponents.dll
0x00007ffd5b140000 - 0x00007ffd5b21a000 	C:\WINDOWS\System32\CoreMessaging.dll
0x00007ffd5c1c0000 - 0x00007ffd5c1f1000 	C:\WINDOWS\SYSTEM32\ntmarta.dll
0x00007ffd59230000 - 0x00007ffd5937d000 	C:\WINDOWS\SYSTEM32\wintypes.dll

VM Arguments:
jvm_args: -Dfile.encoding=UTF-8 
java_command: controller.Controleur
java_class_path (initial): C:\Users\djayt\git\Final\bin
Launcher Type: SUN_STANDARD

Environment Variables:
PATH=C:/Program Files/Java/jre1.8.0_162/bin/server;C:/Program Files/Java/jre1.8.0_162/bin;C:/Program Files/Java/jre1.8.0_162/lib/amd64;C:\GNAT\bin;C:\ProgramData\Oracle\Java\javapath;C:\WINDOWS\system32;C:\WINDOWS;C:\WINDOWS\System32\Wbem;C:\WINDOWS\System32\WindowsPowerShell\v1.0\;C:\Program Files (x86)\Skype\Phone\;C:\Program Files (x86)\NVIDIA Corporation\PhysX\Common;%SystemRoot%\system32;%SystemRoot%;%SystemRoot%\System32\Wbem;%SYSTEMROOT%\System32\WindowsPowerShell\v1.0\;%SYSTEMROOT%\System32\OpenSSH\;C:\GNAT\2017\bin;C:\Users\djayt\AppData\Local\Microsoft\WindowsApps;C:\Users\djayt\AppData\Local\atom\bin;C:\Users\djayt\AppData\Local\Microsoft\WindowsApps;;C:\Users\djayt\eclipse\java-neon\eclipse;
USERNAME=djayt
OS=Windows_NT
PROCESSOR_IDENTIFIER=Intel64 Family 6 Model 94 Stepping 3, GenuineIntel



---------------  S Y S T E M  ---------------

OS: Windows 10.0 , 64 bit Build 17134 (10.0.17134.1)

CPU:total 8 (initial active 8) (4 cores per cpu, 2 threads per core) family 6 model 94 stepping 3, cmov, cx8, fxsr, mmx, sse, sse2, sse3, ssse3, sse4.1, sse4.2, popcnt, avx, avx2, aes, clmul, erms, rtm, 3dnowpref, lzcnt, ht, tsc, tscinvbit, bmi1, bmi2, adx

Memory: 4k page, physical 16709332k(7454644k free), swap 31297376k(4160k free)

vm_info: Java HotSpot(TM) 64-Bit Server VM (25.151-b12) for windows-amd64 JRE (1.8.0_151-b12), built on Sep  5 2017 19:33:46 by "java_re" with MS VC++ 10.0 (VS2010)

time: Wed Jun 20 14:19:37 2018
elapsed time: 0 seconds (0d 0h 0m 0s)

