#
# There is insufficient memory for the Java Runtime Environment to continue.
# Native memory allocation (malloc) failed to allocate 42976 bytes for Chunk::new
# Possible reasons:
#   The system is out of physical RAM or swap space
#   In 32 bit mode, the process size limit was hit
# Possible solutions:
#   Reduce memory load on the system
#   Increase physical memory or swap space
#   Check if swap backing store is full
#   Use 64 bit Java on a 64 bit OS
#   Decrease Java heap size (-Xmx/-Xms)
#   Decrease number of Java threads
#   Decrease Java thread stack sizes (-Xss)
#   Set larger code cache with -XX:ReservedCodeCacheSize=
# This output file may be truncated or incomplete.
#
#  Out of Memory Error (allocation.cpp:390), pid=5396, tid=0x00000000000016dc
#
# JRE version: Java(TM) SE Runtime Environment (8.0_151-b12) (build 1.8.0_151-b12)
# Java VM: Java HotSpot(TM) 64-Bit Server VM (25.151-b12 mixed mode windows-amd64 compressed oops)
# Failed to write core dump. Minidumps are not enabled by default on client versions of Windows
#

---------------  T H R E A D  ---------------

Current thread (0x000000001e1fe800):  JavaThread "C2 CompilerThread1" daemon [_thread_in_native, id=5852, stack(0x000000001eaf0000,0x000000001ebf0000)]

Stack: [0x000000001eaf0000,0x000000001ebf0000]
[error occurred during error reporting (printing stack bounds), id 0xc0000005]

Native frames: (J=compiled Java code, j=interpreted, Vv=VM code, C=native code)


Current CompileTask:
C2:    286  466 %     4       sun.awt.image.ByteInterleavedRaster::putByteData @ 627 (834 bytes)


---------------  P R O C E S S  ---------------

Java Threads: ( => current thread )
  0x0000000002780800 JavaThread "DestroyJavaVM" [_thread_blocked, id=9456, stack(0x0000000002600000,0x0000000002700000)]
  0x000000001f266800 JavaThread "AWT-EventQueue-0" [_thread_in_native, id=5008, stack(0x0000000021900000,0x0000000021a00000)]
  0x000000001f1ff800 JavaThread "AWT-Windows" daemon [_thread_in_native, id=6960, stack(0x000000001fbe0000,0x000000001fce0000)]
  0x000000001f1f5800 JavaThread "AWT-Shutdown" [_thread_blocked, id=6964, stack(0x000000001fae0000,0x000000001fbe0000)]
  0x000000001f1f5000 JavaThread "Java2D Disposer" daemon [_thread_blocked, id=4420, stack(0x000000001f9e0000,0x000000001fae0000)]
  0x000000001e29c800 JavaThread "Service Thread" daemon [_thread_blocked, id=6852, stack(0x000000001edf0000,0x000000001eef0000)]
  0x000000001e218000 JavaThread "C1 CompilerThread3" daemon [_thread_blocked, id=15964, stack(0x000000001ecf0000,0x000000001edf0000)]
  0x000000001e205800 JavaThread "C2 CompilerThread2" daemon [_thread_blocked, id=12144, stack(0x000000001ebf0000,0x000000001ecf0000)]
=>0x000000001e1fe800 JavaThread "C2 CompilerThread1" daemon [_thread_in_native, id=5852, stack(0x000000001eaf0000,0x000000001ebf0000)]
  0x000000001e1f7000 JavaThread "C2 CompilerThread0" daemon [_thread_blocked, id=16900, stack(0x000000001e9f0000,0x000000001eaf0000)]
  0x000000001e1f6000 JavaThread "Attach Listener" daemon [_thread_blocked, id=15900, stack(0x000000001e8f0000,0x000000001e9f0000)]
  0x000000001e1f5000 JavaThread "Signal Dispatcher" daemon [_thread_blocked, id=6676, stack(0x000000001e7f0000,0x000000001e8f0000)]
  0x000000000287e000 JavaThread "Finalizer" daemon [_thread_blocked, id=8344, stack(0x000000001e5d0000,0x000000001e6d0000)]
  0x0000000002877000 JavaThread "Reference Handler" daemon [_thread_blocked, id=8952, stack(0x000000001e0d0000,0x000000001e1d0000)]

Other Threads:
  0x000000001c2f9800 VMThread [stack: 0x000000001dfd0000,0x000000001e0d0000] [id=6956]
  0x000000001e2c0000 WatcherThread [stack: 0x000000001f060000,0x000000001f160000] [id=4888]

VM state:not at safepoint (normal execution)

VM Mutex/Monitor currently owned by a thread: None

Heap:
 PSYoungGen      total 76288K, used 17183K [0x000000076b000000, 0x0000000770500000, 0x00000007c0000000)
  eden space 65536K, 26% used [0x000000076b000000,0x000000076c0c7e20,0x000000076f000000)
  from space 10752K, 0% used [0x000000076fa80000,0x000000076fa80000,0x0000000770500000)
  to   space 10752K, 0% used [0x000000076f000000,0x000000076f000000,0x000000076fa80000)
 ParOldGen       total 175104K, used 0K [0x00000006c1000000, 0x00000006cbb00000, 0x000000076b000000)
  object space 175104K, 0% used [0x00000006c1000000,0x00000006c1000000,0x00000006cbb00000)
 Metaspace       used 9806K, capacity 10038K, committed 10368K, reserved 1067008K
  class space    used 1213K, capacity 1264K, committed 1408K, reserved 1048576K

Card table byte_map: [0x0000000011c40000,0x0000000012440000] byte_map_base: 0x000000000e638000

Marking Bits: (ParMarkBitMap*) 0x000000006c38d850
 Begin Bits: [0x0000000013190000, 0x0000000017150000)
 End Bits:   [0x0000000017150000, 0x000000001b110000)

Polling page: 0x0000000000db0000

CodeCache: size=245760Kb used=2016Kb max_used=2016Kb free=243743Kb
 bounds [0x0000000002880000, 0x0000000002af0000, 0x0000000011880000]
 total_blobs=927 nmethods=472 adapters=368
 compilation: enabled

Compilation events (10 events):
Event: 0.284 Thread 0x000000001e218000 nmethod 462 0x0000000002a73290 code [0x0000000002a733e0, 0x0000000002a736d0]
Event: 0.284 Thread 0x000000001e218000  463   !   3       java.util.zip.Inflater::needsDictionary (19 bytes)
Event: 0.284 Thread 0x000000001e218000 nmethod 463 0x0000000002a73790 code [0x0000000002a738e0, 0x0000000002a73bd0]
Event: 0.284 Thread 0x000000001e218000  464   !   3       java.util.zip.Inflater::needsInput (27 bytes)
Event: 0.284 Thread 0x000000001e218000 nmethod 464 0x0000000002a73c90 code [0x0000000002a73e00, 0x0000000002a74150]
Event: 0.284 Thread 0x000000001e218000  465       3       java.util.zip.InflaterInputStream::fill (60 bytes)
Event: 0.284 Thread 0x000000001e218000 nmethod 465 0x0000000002a74210 code [0x0000000002a743c0, 0x0000000002a74878]
Event: 0.284 Thread 0x000000001e218000  467       3       java.io.DataInputStream::readFully (63 bytes)
Event: 0.284 Thread 0x000000001e218000 nmethod 467 0x0000000002a74a90 code [0x0000000002a74c40, 0x0000000002a750a8]
Event: 0.284 Thread 0x000000001e218000  468       3       java.io.SequenceInputStream::read (84 bytes)

GC Heap History (0 events):
No events

Deoptimization events (0 events):
No events

Internal exceptions (10 events):
Event: 0.025 Thread 0x0000000002780800 Exception <a 'java/lang/NoSuchMethodError': Method sun.misc.Unsafe.prefetchRead(Ljava/lang/Object;J)V name or signature does not match> (0x000000076b007f90) thrown at [C:\re\workspace\8-2-build-windows-amd64-cygwin\jdk8u151\9699\hotspot\src\share\vm\prims
Event: 0.048 Thread 0x0000000002780800 Exception <a 'java/io/FileNotFoundException'> (0x000000076b0583d8) thrown at [C:\re\workspace\8-2-build-windows-amd64-cygwin\jdk8u151\9699\hotspot\src\share\vm\prims\jni.cpp, line 709]
Event: 0.067 Thread 0x0000000002780800 Exception <a 'java/security/PrivilegedActionException'> (0x000000076b0af120) thrown at [C:\re\workspace\8-2-build-windows-amd64-cygwin\jdk8u151\9699\hotspot\src\share\vm\prims\jvm.cpp, line 1390]
Event: 0.067 Thread 0x0000000002780800 Exception <a 'java/security/PrivilegedActionException'> (0x000000076b0af518) thrown at [C:\re\workspace\8-2-build-windows-amd64-cygwin\jdk8u151\9699\hotspot\src\share\vm\prims\jvm.cpp, line 1390]
Event: 0.068 Thread 0x0000000002780800 Exception <a 'java/security/PrivilegedActionException'> (0x000000076b0b3370) thrown at [C:\re\workspace\8-2-build-windows-amd64-cygwin\jdk8u151\9699\hotspot\src\share\vm\prims\jvm.cpp, line 1390]
Event: 0.068 Thread 0x0000000002780800 Exception <a 'java/security/PrivilegedActionException'> (0x000000076b0b3768) thrown at [C:\re\workspace\8-2-build-windows-amd64-cygwin\jdk8u151\9699\hotspot\src\share\vm\prims\jvm.cpp, line 1390]
Event: 0.086 Thread 0x0000000002780800 Exception <a 'java/io/FileNotFoundException'> (0x000000076b0f20b0) thrown at [C:\re\workspace\8-2-build-windows-amd64-cygwin\jdk8u151\9699\hotspot\src\share\vm\prims\jni.cpp, line 709]
Event: 0.105 Thread 0x0000000002780800 Exception <a 'java/lang/NoSuchFieldError': method resolution failed> (0x000000076b307058) thrown at [C:\re\workspace\8-2-build-windows-amd64-cygwin\jdk8u151\9699\hotspot\src\share\vm\prims\methodHandles.cpp, line 1146]
Event: 0.105 Thread 0x0000000002780800 Exception <a 'java/lang/NoSuchFieldError': method resolution failed> (0x000000076b314428) thrown at [C:\re\workspace\8-2-build-windows-amd64-cygwin\jdk8u151\9699\hotspot\src\share\vm\prims\methodHandles.cpp, line 1146]
Event: 0.135 Thread 0x0000000002780800 Exception <a 'java/io/FileNotFoundException'> (0x000000076b3c9aa0) thrown at [C:\re\workspace\8-2-build-windows-amd64-cygwin\jdk8u151\9699\hotspot\src\share\vm\prims\jni.cpp, line 709]

Events (10 events):
Event: 0.276 loading class java/awt/image/DataBufferByte
Event: 0.276 loading class java/awt/image/DataBufferByte done
Event: 0.276 loading class sun/awt/image/ByteInterleavedRaster
Event: 0.276 loading class sun/awt/image/ByteComponentRaster
Event: 0.276 loading class sun/awt/image/ByteComponentRaster done
Event: 0.276 loading class sun/awt/image/ByteInterleavedRaster done
Event: 0.277 loading class sun/awt/image/ShortComponentRaster
Event: 0.277 loading class sun/awt/image/ShortComponentRaster done
Event: 0.277 loading class com/sun/imageio/plugins/common/ReaderUtil
Event: 0.277 loading class com/sun/imageio/plugins/common/ReaderUtil done


Dynamic libraries:
0x00007ff759b20000 - 0x00007ff759b57000 	C:\Program Files\Java\jre1.8.0_151\bin\javaw.exe
0x00007ffd60dc0000 - 0x00007ffd60fa1000 	C:\WINDOWS\SYSTEM32\ntdll.dll
0x00007ffd5f9b0000 - 0x00007ffd5fa62000 	C:\WINDOWS\System32\KERNEL32.DLL
0x00007ffd5d190000 - 0x00007ffd5d403000 	C:\WINDOWS\System32\KERNELBASE.dll
0x00007ffd5e320000 - 0x00007ffd5e3c1000 	C:\WINDOWS\System32\ADVAPI32.dll
0x00007ffd5fc80000 - 0x00007ffd5fd1e000 	C:\WINDOWS\System32\msvcrt.dll
0x00007ffd5fa70000 - 0x00007ffd5facb000 	C:\WINDOWS\System32\sechost.dll
0x00007ffd60010000 - 0x00007ffd60134000 	C:\WINDOWS\System32\RPCRT4.dll
0x00007ffd60470000 - 0x00007ffd60600000 	C:\WINDOWS\System32\USER32.dll
0x00007ffd5dc20000 - 0x00007ffd5dc40000 	C:\WINDOWS\System32\win32u.dll
0x00007ffd5f8e0000 - 0x00007ffd5f908000 	C:\WINDOWS\System32\GDI32.dll
0x00007ffd5dfa0000 - 0x00007ffd5e132000 	C:\WINDOWS\System32\gdi32full.dll
0x00007ffd5deb0000 - 0x00007ffd5df4f000 	C:\WINDOWS\System32\msvcp_win.dll
0x00007ffd5db20000 - 0x00007ffd5dc1a000 	C:\WINDOWS\System32\ucrtbase.dll
0x00007ffd543f0000 - 0x00007ffd54659000 	C:\WINDOWS\WinSxS\amd64_microsoft.windows.common-controls_6595b64144ccf1df_6.0.17134.112_none_fb3f961b30681c12\COMCTL32.dll
0x00007ffd60140000 - 0x00007ffd60463000 	C:\WINDOWS\System32\combase.dll
0x00007ffd5dc40000 - 0x00007ffd5dcba000 	C:\WINDOWS\System32\bcryptPrimitives.dll
0x00007ffd60600000 - 0x00007ffd6062d000 	C:\WINDOWS\System32\IMM32.DLL
0x000000006c410000 - 0x000000006c4e2000 	C:\Program Files\Java\jre1.8.0_151\bin\msvcr100.dll
0x000000006bb70000 - 0x000000006c40d000 	C:\Program Files\Java\jre1.8.0_151\bin\server\jvm.dll
0x00007ffd60af0000 - 0x00007ffd60af8000 	C:\WINDOWS\System32\PSAPI.DLL
0x00007ffd5b270000 - 0x00007ffd5b293000 	C:\WINDOWS\SYSTEM32\WINMM.dll
0x00007ffd5b460000 - 0x00007ffd5b469000 	C:\WINDOWS\SYSTEM32\WSOCK32.dll
0x00007ffd57b70000 - 0x00007ffd57b7a000 	C:\WINDOWS\SYSTEM32\VERSION.dll
0x00007ffd60630000 - 0x00007ffd6069c000 	C:\WINDOWS\System32\WS2_32.dll
0x00007ffd5b220000 - 0x00007ffd5b24a000 	C:\WINDOWS\SYSTEM32\winmmbase.dll
0x00007ffd5df50000 - 0x00007ffd5df99000 	C:\WINDOWS\System32\cfgmgr32.dll
0x000000006bb60000 - 0x000000006bb6f000 	C:\Program Files\Java\jre1.8.0_151\bin\verify.dll
0x000000006bb30000 - 0x000000006bb59000 	C:\Program Files\Java\jre1.8.0_151\bin\java.dll
0x000000006bb10000 - 0x000000006bb26000 	C:\Program Files\Java\jre1.8.0_151\bin\zip.dll
0x00007ffd5e4a0000 - 0x00007ffd5f8e0000 	C:\WINDOWS\System32\SHELL32.dll
0x00007ffd5fd20000 - 0x00007ffd5fdc9000 	C:\WINDOWS\System32\shcore.dll
0x00007ffd5d410000 - 0x00007ffd5db1d000 	C:\WINDOWS\System32\windows.storage.dll
0x00007ffd5fdd0000 - 0x00007ffd5fe21000 	C:\WINDOWS\System32\shlwapi.dll
0x00007ffd5d150000 - 0x00007ffd5d161000 	C:\WINDOWS\System32\kernel.appcore.dll
0x00007ffd5d130000 - 0x00007ffd5d14f000 	C:\WINDOWS\System32\profapi.dll
0x00007ffd5d0e0000 - 0x00007ffd5d12c000 	C:\WINDOWS\System32\powrprof.dll
0x00007ffd5d0d0000 - 0x00007ffd5d0da000 	C:\WINDOWS\System32\FLTLIB.DLL
0x000000006b970000 - 0x000000006bb08000 	C:\Program Files\Java\jre1.8.0_151\bin\awt.dll
0x00007ffd5e3d0000 - 0x00007ffd5e492000 	C:\WINDOWS\System32\OLEAUT32.dll
0x00007ffd5b4d0000 - 0x00007ffd5b55b000 	C:\WINDOWS\SYSTEM32\apphelp.dll
0x00007ffd5b860000 - 0x00007ffd5b889000 	C:\WINDOWS\system32\DWMAPI.DLL
0x00007ffd5b610000 - 0x00007ffd5b6a8000 	C:\WINDOWS\system32\uxtheme.dll
0x00007ffd56250000 - 0x00007ffd56370000 	C:\WINDOWS\system32\opengl32.dll
0x00007ffd59cc0000 - 0x00007ffd59cec000 	C:\WINDOWS\SYSTEM32\GLU32.dll
0x00007ffd5fad0000 - 0x00007ffd5fc45000 	C:\WINDOWS\System32\MSCTF.dll
0x00007ffd262d0000 - 0x00007ffd26339000 	C:\Program Files (x86)\Overwolf\0.116.1.11\x64\OWExplorer.dll
0x00007ffd5dcc0000 - 0x00007ffd5dea2000 	C:\WINDOWS\System32\CRYPT32.dll
0x00007ffd5d170000 - 0x00007ffd5d182000 	C:\WINDOWS\System32\MSASN1.dll
0x00007ffd5feb0000 - 0x00007ffd60001000 	C:\WINDOWS\System32\ole32.dll
0x00007ffd51d10000 - 0x00007ffd51ed9000 	C:\WINDOWS\SYSTEM32\dbghelp.dll
0x00007ffd51490000 - 0x00007ffd514b9000 	C:\WINDOWS\SYSTEM32\dbgcore.DLL
0x00007ffd514d0000 - 0x00007ffd51667000 	C:\WINDOWS\system32\d3d9.dll
0x00007ffd50c30000 - 0x00007ffd50d1b000 	C:\WINDOWS\System32\DriverStore\FileRepository\nv_dispi.inf_amd64_048172e9d7cc483d\nvldumdx.dll
0x00007ffd5e1f0000 - 0x00007ffd5e247000 	C:\WINDOWS\System32\WINTRUST.DLL
0x00007ffd5fc60000 - 0x00007ffd5fc7d000 	C:\WINDOWS\System32\imagehlp.dll
0x00007ffd5caa0000 - 0x00007ffd5cab7000 	C:\WINDOWS\System32\CRYPTSP.dll
0x00007ffd5c4d0000 - 0x00007ffd5c503000 	C:\WINDOWS\system32\rsaenh.dll
0x00007ffd5cbd0000 - 0x00007ffd5cbf5000 	C:\WINDOWS\SYSTEM32\bcrypt.dll
0x00007ffd5cac0000 - 0x00007ffd5cacb000 	C:\WINDOWS\SYSTEM32\CRYPTBASE.dll
0x00007ffd351d0000 - 0x00007ffd363dd000 	C:\WINDOWS\System32\DriverStore\FileRepository\nv_dispi.inf_amd64_048172e9d7cc483d\nvd3dumx.dll
0x000000006b920000 - 0x000000006b967000 	C:\Program Files\Java\jre1.8.0_151\bin\fontmanager.dll
0x000000006b8b0000 - 0x000000006b8ca000 	C:\Program Files\Java\jre1.8.0_151\bin\net.dll
0x00007ffd5c8f0000 - 0x00007ffd5c956000 	C:\WINDOWS\system32\mswsock.dll
0x000000006b890000 - 0x000000006b8a1000 	C:\Program Files\Java\jre1.8.0_151\bin\nio.dll
0x000000006b840000 - 0x000000006b882000 	C:\Program Files\Java\jre1.8.0_151\bin\t2k.dll

VM Arguments:
jvm_args: -Dfile.encoding=UTF-8 
java_command: controller.Controleur
java_class_path (initial): C:\Users\djayt\git\Final\bin
Launcher Type: SUN_STANDARD

Environment Variables:
PATH=C:/Program Files/Java/jre1.8.0_162/bin/server;C:/Program Files/Java/jre1.8.0_162/bin;C:/Program Files/Java/jre1.8.0_162/lib/amd64;C:\GNAT\bin;C:\ProgramData\Oracle\Java\javapath;C:\WINDOWS\system32;C:\WINDOWS;C:\WINDOWS\System32\Wbem;C:\WINDOWS\System32\WindowsPowerShell\v1.0\;C:\Program Files (x86)\Skype\Phone\;C:\Program Files (x86)\NVIDIA Corporation\PhysX\Common;%SystemRoot%\system32;%SystemRoot%;%SystemRoot%\System32\Wbem;%SYSTEMROOT%\System32\WindowsPowerShell\v1.0\;%SYSTEMROOT%\System32\OpenSSH\;C:\GNAT\2017\bin;C:\Users\djayt\AppData\Local\Microsoft\WindowsApps;C:\Users\djayt\AppData\Local\atom\bin;C:\Users\djayt\AppData\Local\Microsoft\WindowsApps;;C:\Users\djayt\eclipse\java-neon\eclipse;
USERNAME=djayt
OS=Windows_NT
PROCESSOR_IDENTIFIER=Intel64 Family 6 Model 94 Stepping 3, GenuineIntel



---------------  S Y S T E M  ---------------

OS: Windows 10.0 , 64 bit Build 17134 (10.0.17134.1)

CPU:total 8 (initial active 8) (4 cores per cpu, 2 threads per core) family 6 model 94 stepping 3, cmov, cx8, fxsr, mmx, sse, sse2, sse3, ssse3, sse4.1, sse4.2, popcnt, avx, avx2, aes, clmul, erms, rtm, 3dnowpref, lzcnt, ht, tsc, tscinvbit, bmi1, bmi2, adx

Memory: 4k page, physical 16709332k(7582648k free), swap 31297376k(248k free)

vm_info: Java HotSpot(TM) 64-Bit Server VM (25.151-b12) for windows-amd64 JRE (1.8.0_151-b12), built on Sep  5 2017 19:33:46 by "java_re" with MS VC++ 10.0 (VS2010)

time: Wed Jun 20 11:23:35 2018
elapsed time: 0 seconds (0d 0h 0m 0s)

